<?xml version="1.0" encoding="UTF-8"?>
<testng-results skipped="0" failed="0" ignored="0" total="1" passed="1">
  <reporter-output>
  </reporter-output>
  <suite name="Surefire suite" duration-ms="44" started-at="2022-09-22T17:12:14 IST" finished-at="2022-09-22T17:12:14 IST">
    <groups>
    </groups>
    <test name="Surefire test" duration-ms="44" started-at="2022-09-22T17:12:14 IST" finished-at="2022-09-22T17:12:14 IST">
      <class name="com.testvagrant.WebAuto.AppTest">
        <test-method status="PASS" signature="shouldAnswerWithTrue()" name="shouldAnswerWithTrue" duration-ms="4" started-at="2022-09-22T17:12:14 IST" finished-at="2022-09-22T17:12:14 IST">
          <reporter-output>
          </reporter-output>
        </test-method> <!-- shouldAnswerWithTrue -->
      </class> <!-- com.testvagrant.WebAuto.AppTest -->
    </test> <!-- Surefire test -->
  </suite> <!-- Surefire suite -->
</testng-results>
