<?xml version="1.0" encoding="UTF-8"?>
<testsuite xmlns:xsi="http://www.w3.org/2001/XMLSchema-instance" xsi:noNamespaceSchemaLocation="https://maven.apache.org/surefire/maven-surefire-plugin/xsd/surefire-test-report.xsd" name="TestSuite" time="27.267" tests="2" errors="0" skipped="0" failures="1">
  <properties>
[...]
</properties>
  <testcase name="extractTheDetailsOfTheMovieTest" classname="com.testvagrant.WebAuto.MovieTest" time="26.487">
    <failure message="The following asserts failed:&#10;	expected [December 17, 2021 (India)] but found [17 December 2021]" type="java.lang.AssertionError">java.lang.AssertionError: 
The following asserts failed:
	expected [December 17, 2021 (India)] but found [17 December 2021]
	at com.testvagrant.WebAuto.MovieTest.extractTheDetailsOfTheMovieTest(MovieTest.java:62)
</failure>
    <system-out><![CDATA[Country matched
]]></system-out>
    <system-err><![CDATA[SLF4J: Failed to load class "org.slf4j.impl.StaticLoggerBinder".
SLF4J: Defaulting to no-operation (NOP) logger implementation
SLF4J: See http://www.slf4j.org/codes.html#StaticLoggerBinder for further details.
Sep 22, 2022 5:11:48 PM org.openqa.selenium.remote.RemoteWebDriver checkNonW3CCapabilities
WARNING: Support for Legacy Capabilities is deprecated; You are sending the following invalid capabilities: [operaOptions]; Please update to W3C Syntax: https://www.selenium.dev/blog/2022/legacy-protocol-support/
Starting OperaDriver 103.0.5060.66 (20b1569438a85e631d15e83eb355e3e326e5da6f-refs/branch-heads/5060@{#1066}) on port 57290
Only local connections are allowed.
Please see https://chromedriver.chromium.org/security-considerations for suggestions on keeping OperaDriver safe.
OperaDriver was started successfully.
[1663846911.181][WARNING]: This version of OperaDriver has not been tested with Opera version 104.
Sep 22, 2022 5:11:51 PM org.openqa.selenium.remote.ProtocolHandshake createSession
INFO: Detected upstream dialect: OSS
Sep 22, 2022 5:11:51 PM org.openqa.selenium.remote.ProtocolHandshake createSession
WARNING: Support for Legacy Capabilities is deprecated; You are sending the following invalid capabilities: [operaOptions]; Please update to W3C Syntax: https://www.selenium.dev/blog/2022/legacy-protocol-support/
]]></system-err>
  </testcase>
  <testcase name="shouldAnswerWithTrue on shouldAnswerWithTrue(com.testvagrant.WebAuto.AppTest)" classname="com.testvagrant.WebAuto.AppTest" time="0"/>
</testsuite>